<?xml version="1.0" encoding="UTF-8"?>
<coverage generated="1603023119540" clover="3.2.0">
  <project timestamp="1603023119540" name="All files">
    <metrics statements="40" coveredstatements="32" conditionals="14" coveredconditionals="10" methods="14" coveredmethods="11" elements="68" coveredelements="53" complexity="0" loc="40" ncloc="40" packages="5" files="9" classes="9"/>
    <package name="src">
      <metrics statements="1" coveredstatements="1" conditionals="0" coveredconditionals="0" methods="0" coveredmethods="0"/>
      <file name="theme.js" path="/Users/marttee/Repositories/my-projects/fullstack-hy2020-rate-repository-app/src/theme.js">
        <metrics statements="1" coveredstatements="1" conditionals="0" coveredconditionals="0" methods="0" coveredmethods="0"/>
        <line num="3" count="1" type="stmt"/>
      </file>
    </package>
    <package name="src.components">
      <metrics statements="26" coveredstatements="24" conditionals="10" coveredconditionals="8" methods="11" coveredmethods="10"/>
      <file name="RepositoryInfo.jsx" path="/Users/marttee/Repositories/my-projects/fullstack-hy2020-rate-repository-app/src/components/RepositoryInfo.jsx">
        <metrics statements="3" coveredstatements="3" conditionals="0" coveredconditionals="0" methods="1" coveredmethods="1"/>
        <line num="7" count="1" type="stmt"/>
        <line num="39" count="1" type="stmt"/>
        <line num="40" count="2" type="stmt"/>
      </file>
      <file name="RepositoryItem.jsx" path="/Users/marttee/Repositories/my-projects/fullstack-hy2020-rate-repository-app/src/components/RepositoryItem.jsx">
        <metrics statements="5" coveredstatements="5" conditionals="0" coveredconditionals="0" methods="1" coveredmethods="1"/>
        <line num="8" count="1" type="stmt"/>
        <line num="16" count="1" type="stmt"/>
        <line num="17" count="2" type="stmt"/>
        <line num="24" count="2" type="stmt"/>
        <line num="31" count="2" type="stmt"/>
      </file>
      <file name="RepositoryList.jsx" path="/Users/marttee/Repositories/my-projects/fullstack-hy2020-rate-repository-app/src/components/RepositoryList.jsx">
        <metrics statements="10" coveredstatements="8" conditionals="2" coveredconditionals="1" methods="6" coveredmethods="5"/>
        <line num="7" count="1" type="stmt"/>
        <line num="13" count="1" type="stmt"/>
        <line num="15" count="1" type="stmt"/>
        <line num="16" count="2" type="cond" truecount="1" falsecount="1"/>
        <line num="17" count="1" type="stmt"/>
        <line num="21" count="2" type="stmt"/>
        <line num="22" count="2" type="stmt"/>
        <line num="28" count="1" type="stmt"/>
        <line num="29" count="0" type="stmt"/>
        <line num="30" count="0" type="stmt"/>
      </file>
      <file name="RepositoryStats.jsx" path="/Users/marttee/Repositories/my-projects/fullstack-hy2020-rate-repository-app/src/components/RepositoryStats.jsx">
        <metrics statements="4" coveredstatements="4" conditionals="0" coveredconditionals="0" methods="2" coveredmethods="2"/>
        <line num="7" count="1" type="stmt"/>
        <line num="20" count="1" type="stmt"/>
        <line num="21" count="2" type="stmt"/>
        <line num="23" count="8" type="stmt"/>
      </file>
      <file name="Text.jsx" path="/Users/marttee/Repositories/my-projects/fullstack-hy2020-rate-repository-app/src/components/Text.jsx">
        <metrics statements="4" coveredstatements="4" conditionals="8" coveredconditionals="7" methods="1" coveredmethods="1"/>
        <line num="6" count="1" type="stmt"/>
        <line num="27" count="1" type="stmt"/>
        <line num="28" count="22" type="stmt"/>
        <line num="37" count="22" type="stmt"/>
      </file>
    </package>
    <package name="src.graphql">
      <metrics statements="2" coveredstatements="2" conditionals="0" coveredconditionals="0" methods="0" coveredmethods="0"/>
      <file name="queries.js" path="/Users/marttee/Repositories/my-projects/fullstack-hy2020-rate-repository-app/src/graphql/queries.js">
        <metrics statements="2" coveredstatements="2" conditionals="0" coveredconditionals="0" methods="0" coveredmethods="0"/>
        <line num="3" count="1" type="stmt"/>
        <line num="22" count="1" type="stmt"/>
      </file>
    </package>
    <package name="src.hooks">
      <metrics statements="7" coveredstatements="1" conditionals="2" coveredconditionals="0" methods="2" coveredmethods="0"/>
      <file name="useRepositories.js" path="/Users/marttee/Repositories/my-projects/fullstack-hy2020-rate-repository-app/src/hooks/useRepositories.js">
        <metrics statements="7" coveredstatements="1" conditionals="2" coveredconditionals="0" methods="2" coveredmethods="0"/>
        <line num="6" count="1" type="stmt"/>
        <line num="7" count="0" type="stmt"/>
        <line num="8" count="0" type="stmt"/>
        <line num="10" count="0" type="stmt"/>
        <line num="11" count="0" type="cond" truecount="0" falsecount="2"/>
        <line num="12" count="0" type="stmt"/>
        <line num="16" count="0" type="stmt"/>
      </file>
    </package>
    <package name="src.utils">
      <metrics statements="4" coveredstatements="4" conditionals="2" coveredconditionals="2" methods="1" coveredmethods="1"/>
      <file name="formatValue.js" path="/Users/marttee/Repositories/my-projects/fullstack-hy2020-rate-repository-app/src/utils/formatValue.js">
        <metrics statements="4" coveredstatements="4" conditionals="2" coveredconditionals="2" methods="1" coveredmethods="1"/>
        <line num="1" count="1" type="stmt"/>
        <line num="2" count="16" type="cond" truecount="2" falsecount="0"/>
        <line num="3" count="6" type="stmt"/>
        <line num="5" count="10" type="stmt"/>
      </file>
    </package>
  </project>
</coverage>
