{"/Users/marttee/Repositories/my-projects/fullstack-hy2020-rate-repository-app/src/theme.js": {"path":"/Users/marttee/Repositories/my-projects/fullstack-hy2020-rate-repository-app/src/theme.js","statementMap":{"0":{"start":{"line":3,"column":14},"end":{"line":28,"column":1}}},"fnMap":{},"branchMap":{},"s":{"0":1},"f":{},"b":{},"_coverageSchema":"1a1c01bbd47fc00a2c39e90264f33305004495a9","hash":"a7b35abfa8284ba1cd689800030ca6d9daa54434"}
,"/Users/marttee/Repositories/my-projects/fullstack-hy2020-rate-repository-app/src/components/RepositoryInfo.jsx": {"path":"/Users/marttee/Repositories/my-projects/fullstack-hy2020-rate-repository-app/src/components/RepositoryInfo.jsx","statementMap":{"0":{"start":{"line":7,"column":15},"end":{"line":37,"column":2}},"1":{"start":{"line":39,"column":23},"end":{"line":63,"column":1}},"2":{"start":{"line":40,"column":2},"end":{"line":62,"column":4}}},"fnMap":{"0":{"name":"(anonymous_0)","decl":{"start":{"line":39,"column":23},"end":{"line":39,"column":24}},"loc":{"start":{"line":39,"column":67},"end":{"line":63,"column":1}},"line":39}},"branchMap":{},"s":{"0":1,"1":1,"2":2},"f":{"0":2},"b":{},"_coverageSchema":"1a1c01bbd47fc00a2c39e90264f33305004495a9","hash":"8a70691b90f63b3a4e0bb11c6e891743d67cc8bd"}
,"/Users/marttee/Repositories/my-projects/fullstack-hy2020-rate-repository-app/src/components/RepositoryItem.jsx": {"path":"/Users/marttee/Repositories/my-projects/fullstack-hy2020-rate-repository-app/src/components/RepositoryItem.jsx","statementMap":{"0":{"start":{"line":8,"column":15},"end":{"line":14,"column":2}},"1":{"start":{"line":16,"column":23},"end":{"line":37,"column":1}},"2":{"start":{"line":17,"column":15},"end":{"line":22,"column":3}},"3":{"start":{"line":24,"column":16},"end":{"line":29,"column":3}},"4":{"start":{"line":31,"column":2},"end":{"line":36,"column":4}}},"fnMap":{"0":{"name":"(anonymous_0)","decl":{"start":{"line":16,"column":23},"end":{"line":16,"column":24}},"loc":{"start":{"line":16,"column":32},"end":{"line":37,"column":1}},"line":16}},"branchMap":{},"s":{"0":1,"1":1,"2":2,"3":2,"4":2},"f":{"0":2},"b":{},"_coverageSchema":"1a1c01bbd47fc00a2c39e90264f33305004495a9","hash":"8289aedd3e7cf1419114cf0e3885e6671bc80699"}
,"/Users/marttee/Repositories/my-projects/fullstack-hy2020-rate-repository-app/src/components/RepositoryList.jsx": {"path":"/Users/marttee/Repositories/my-projects/fullstack-hy2020-rate-repository-app/src/components/RepositoryList.jsx","statementMap":{"0":{"start":{"line":7,"column":15},"end":{"line":11,"column":2}},"1":{"start":{"line":13,"column":22},"end":{"line":13,"column":61}},"2":{"start":{"line":13,"column":28},"end":{"line":13,"column":61}},"3":{"start":{"line":15,"column":39},"end":{"line":26,"column":1}},"4":{"start":{"line":16,"column":26},"end":{"line":16,"column":87}},"5":{"start":{"line":16,"column":72},"end":{"line":16,"column":81}},"6":{"start":{"line":17,"column":2},"end":{"line":25,"column":4}},"7":{"start":{"line":21,"column":26},"end":{"line":21,"column":54}},"8":{"start":{"line":22,"column":28},"end":{"line":22,"column":37}},"9":{"start":{"line":28,"column":23},"end":{"line":31,"column":1}},"10":{"start":{"line":29,"column":27},"end":{"line":29,"column":44}},"11":{"start":{"line":30,"column":2},"end":{"line":30,"column":65}}},"fnMap":{"0":{"name":"(anonymous_0)","decl":{"start":{"line":13,"column":22},"end":{"line":13,"column":23}},"loc":{"start":{"line":13,"column":28},"end":{"line":13,"column":61}},"line":13},"1":{"name":"(anonymous_1)","decl":{"start":{"line":15,"column":39},"end":{"line":15,"column":40}},"loc":{"start":{"line":15,"column":61},"end":{"line":26,"column":1}},"line":15},"2":{"name":"(anonymous_2)","decl":{"start":{"line":16,"column":64},"end":{"line":16,"column":65}},"loc":{"start":{"line":16,"column":72},"end":{"line":16,"column":81}},"line":16},"3":{"name":"(anonymous_3)","decl":{"start":{"line":21,"column":18},"end":{"line":21,"column":19}},"loc":{"start":{"line":21,"column":26},"end":{"line":21,"column":54}},"line":21},"4":{"name":"(anonymous_4)","decl":{"start":{"line":22,"column":20},"end":{"line":22,"column":21}},"loc":{"start":{"line":22,"column":28},"end":{"line":22,"column":37}},"line":22},"5":{"name":"(anonymous_5)","decl":{"start":{"line":28,"column":23},"end":{"line":28,"column":24}},"loc":{"start":{"line":28,"column":29},"end":{"line":31,"column":1}},"line":28}},"branchMap":{"0":{"loc":{"start":{"line":16,"column":26},"end":{"line":16,"column":87}},"type":"cond-expr","locations":[{"start":{"line":16,"column":41},"end":{"line":16,"column":82}},{"start":{"line":16,"column":85},"end":{"line":16,"column":87}}],"line":16}},"s":{"0":1,"1":1,"2":1,"3":1,"4":1,"5":2,"6":1,"7":2,"8":2,"9":1,"10":0,"11":0},"f":{"0":1,"1":1,"2":2,"3":2,"4":2,"5":0},"b":{"0":[1,0]},"_coverageSchema":"1a1c01bbd47fc00a2c39e90264f33305004495a9","hash":"ca45c6de9517939e4374a2b7dba2951377f4884c"}
,"/Users/marttee/Repositories/my-projects/fullstack-hy2020-rate-repository-app/src/components/RepositoryStats.jsx": {"path":"/Users/marttee/Repositories/my-projects/fullstack-hy2020-rate-repository-app/src/components/RepositoryStats.jsx","statementMap":{"0":{"start":{"line":7,"column":15},"end":{"line":18,"column":2}},"1":{"start":{"line":20,"column":24},"end":{"line":31,"column":1}},"2":{"start":{"line":21,"column":2},"end":{"line":30,"column":9}},"3":{"start":{"line":23,"column":6},"end":{"line":28,"column":13}}},"fnMap":{"0":{"name":"(anonymous_0)","decl":{"start":{"line":20,"column":24},"end":{"line":20,"column":25}},"loc":{"start":{"line":21,"column":2},"end":{"line":30,"column":9}},"line":21},"1":{"name":"(anonymous_1)","decl":{"start":{"line":22,"column":14},"end":{"line":22,"column":15}},"loc":{"start":{"line":23,"column":6},"end":{"line":28,"column":13}},"line":23}},"branchMap":{},"s":{"0":1,"1":1,"2":2,"3":8},"f":{"0":2,"1":8},"b":{},"_coverageSchema":"1a1c01bbd47fc00a2c39e90264f33305004495a9","hash":"aa5cb427c613c69616afc6525236a274fcaf622a"}
,"/Users/marttee/Repositories/my-projects/fullstack-hy2020-rate-repository-app/src/components/Text.jsx": {"path":"/Users/marttee/Repositories/my-projects/fullstack-hy2020-rate-repository-app/src/components/Text.jsx","statementMap":{"0":{"start":{"line":6,"column":15},"end":{"line":25,"column":2}},"1":{"start":{"line":27,"column":13},"end":{"line":38,"column":1}},"2":{"start":{"line":28,"column":20},"end":{"line":35,"column":3}},"3":{"start":{"line":37,"column":2},"end":{"line":37,"column":53}}},"fnMap":{"0":{"name":"(anonymous_0)","decl":{"start":{"line":27,"column":13},"end":{"line":27,"column":14}},"loc":{"start":{"line":27,"column":67},"end":{"line":38,"column":1}},"line":27}},"branchMap":{"0":{"loc":{"start":{"line":30,"column":4},"end":{"line":30,"column":58}},"type":"binary-expr","locations":[{"start":{"line":30,"column":4},"end":{"line":30,"column":29}},{"start":{"line":30,"column":33},"end":{"line":30,"column":58}}],"line":30},"1":{"loc":{"start":{"line":31,"column":4},"end":{"line":31,"column":46}},"type":"binary-expr","locations":[{"start":{"line":31,"column":4},"end":{"line":31,"column":23}},{"start":{"line":31,"column":27},"end":{"line":31,"column":46}}],"line":31},"2":{"loc":{"start":{"line":32,"column":4},"end":{"line":32,"column":58}},"type":"binary-expr","locations":[{"start":{"line":32,"column":4},"end":{"line":32,"column":29}},{"start":{"line":32,"column":33},"end":{"line":32,"column":58}}],"line":32},"3":{"loc":{"start":{"line":33,"column":4},"end":{"line":33,"column":50}},"type":"binary-expr","locations":[{"start":{"line":33,"column":4},"end":{"line":33,"column":25}},{"start":{"line":33,"column":29},"end":{"line":33,"column":50}}],"line":33}},"s":{"0":1,"1":1,"2":22,"3":22},"f":{"0":22},"b":{"0":[22,10],"1":[22,0],"2":[22,2],"3":[22,10]},"_coverageSchema":"1a1c01bbd47fc00a2c39e90264f33305004495a9","hash":"fb7cd20b9cdf1cecc3cd796cdc73de81fe48fcfa"}
,"/Users/marttee/Repositories/my-projects/fullstack-hy2020-rate-repository-app/src/graphql/queries.js": {"path":"/Users/marttee/Repositories/my-projects/fullstack-hy2020-rate-repository-app/src/graphql/queries.js","statementMap":{"0":{"start":{"line":3,"column":32},"end":{"line":20,"column":1}},"1":{"start":{"line":22,"column":31},"end":{"line":29,"column":1}}},"fnMap":{},"branchMap":{},"s":{"0":1,"1":1},"f":{},"b":{},"_coverageSchema":"1a1c01bbd47fc00a2c39e90264f33305004495a9","hash":"e78022206e13b2f5b8f412162bdd4ffe9ab0552d"}
,"/Users/marttee/Repositories/my-projects/fullstack-hy2020-rate-repository-app/src/hooks/useRepositories.js": {"path":"/Users/marttee/Repositories/my-projects/fullstack-hy2020-rate-repository-app/src/hooks/useRepositories.js","statementMap":{"0":{"start":{"line":6,"column":24},"end":{"line":17,"column":1}},"1":{"start":{"line":7,"column":35},"end":{"line":7,"column":99}},"2":{"start":{"line":8,"column":42},"end":{"line":8,"column":52}},"3":{"start":{"line":10,"column":2},"end":{"line":14,"column":13}},"4":{"start":{"line":11,"column":4},"end":{"line":13,"column":5}},"5":{"start":{"line":12,"column":6},"end":{"line":12,"column":41}},"6":{"start":{"line":16,"column":2},"end":{"line":16,"column":50}}},"fnMap":{"0":{"name":"(anonymous_0)","decl":{"start":{"line":6,"column":24},"end":{"line":6,"column":25}},"loc":{"start":{"line":6,"column":30},"end":{"line":17,"column":1}},"line":6},"1":{"name":"(anonymous_1)","decl":{"start":{"line":10,"column":12},"end":{"line":10,"column":13}},"loc":{"start":{"line":10,"column":18},"end":{"line":14,"column":3}},"line":10}},"branchMap":{"0":{"loc":{"start":{"line":11,"column":4},"end":{"line":13,"column":5}},"type":"if","locations":[{"start":{"line":11,"column":4},"end":{"line":13,"column":5}},{"start":{"line":11,"column":4},"end":{"line":13,"column":5}}],"line":11}},"s":{"0":1,"1":0,"2":0,"3":0,"4":0,"5":0,"6":0},"f":{"0":0,"1":0},"b":{"0":[0,0]},"_coverageSchema":"1a1c01bbd47fc00a2c39e90264f33305004495a9","hash":"493aa0bc41b2e23ddb33d5258bcf70d9d0e17062"}
,"/Users/marttee/Repositories/my-projects/fullstack-hy2020-rate-repository-app/src/utils/formatValue.js": {"path":"/Users/marttee/Repositories/my-projects/fullstack-hy2020-rate-repository-app/src/utils/formatValue.js","statementMap":{"0":{"start":{"line":1,"column":20},"end":{"line":6,"column":1}},"1":{"start":{"line":2,"column":2},"end":{"line":4,"column":3}},"2":{"start":{"line":3,"column":4},"end":{"line":3,"column":55}},"3":{"start":{"line":5,"column":2},"end":{"line":5,"column":26}}},"fnMap":{"0":{"name":"(anonymous_0)","decl":{"start":{"line":1,"column":20},"end":{"line":1,"column":21}},"loc":{"start":{"line":1,"column":29},"end":{"line":6,"column":1}},"line":1}},"branchMap":{"0":{"loc":{"start":{"line":2,"column":2},"end":{"line":4,"column":3}},"type":"if","locations":[{"start":{"line":2,"column":2},"end":{"line":4,"column":3}},{"start":{"line":2,"column":2},"end":{"line":4,"column":3}}],"line":2}},"s":{"0":1,"1":16,"2":6,"3":10},"f":{"0":16},"b":{"0":[6,10]},"_coverageSchema":"1a1c01bbd47fc00a2c39e90264f33305004495a9","hash":"db9962f5f5bf706c5a5909365326fa73990ffb11"}
}
