TN:
SF:src/theme.js
FNF:0
FNH:0
DA:3,1
LF:1
LH:1
BRF:0
BRH:0
end_of_record
TN:
SF:src/components/RepositoryInfo.jsx
FN:39,(anonymous_0)
FNF:1
FNH:1
FNDA:2,(anonymous_0)
DA:7,1
DA:39,1
DA:40,2
LF:3
LH:3
BRF:0
BRH:0
end_of_record
TN:
SF:src/components/RepositoryItem.jsx
FN:16,(anonymous_0)
FNF:1
FNH:1
FNDA:2,(anonymous_0)
DA:8,1
DA:16,1
DA:17,2
DA:24,2
DA:31,2
LF:5
LH:5
BRF:0
BRH:0
end_of_record
TN:
SF:src/components/RepositoryList.jsx
FN:13,(anonymous_0)
FN:15,(anonymous_1)
FN:16,(anonymous_2)
FN:21,(anonymous_3)
FN:22,(anonymous_4)
FN:28,(anonymous_5)
FNF:6
FNH:5
FNDA:1,(anonymous_0)
FNDA:1,(anonymous_1)
FNDA:2,(anonymous_2)
FNDA:2,(anonymous_3)
FNDA:2,(anonymous_4)
FNDA:0,(anonymous_5)
DA:7,1
DA:13,1
DA:15,1
DA:16,2
DA:17,1
DA:21,2
DA:22,2
DA:28,1
DA:29,0
DA:30,0
LF:10
LH:8
BRDA:16,0,0,1
BRDA:16,0,1,0
BRF:2
BRH:1
end_of_record
TN:
SF:src/components/RepositoryStats.jsx
FN:20,(anonymous_0)
FN:22,(anonymous_1)
FNF:2
FNH:2
FNDA:2,(anonymous_0)
FNDA:8,(anonymous_1)
DA:7,1
DA:20,1
DA:21,2
DA:23,8
LF:4
LH:4
BRF:0
BRH:0
end_of_record
TN:
SF:src/components/Text.jsx
FN:27,(anonymous_0)
FNF:1
FNH:1
FNDA:22,(anonymous_0)
DA:6,1
DA:27,1
DA:28,22
DA:37,22
LF:4
LH:4
BRDA:30,0,0,22
BRDA:30,0,1,10
BRDA:31,1,0,22
BRDA:31,1,1,0
BRDA:32,2,0,22
BRDA:32,2,1,2
BRDA:33,3,0,22
BRDA:33,3,1,10
BRF:8
BRH:7
end_of_record
TN:
SF:src/graphql/queries.js
FNF:0
FNH:0
DA:3,1
DA:22,1
LF:2
LH:2
BRF:0
BRH:0
end_of_record
TN:
SF:src/hooks/useRepositories.js
FN:6,(anonymous_0)
FN:10,(anonymous_1)
FNF:2
FNH:0
FNDA:0,(anonymous_0)
FNDA:0,(anonymous_1)
DA:6,1
DA:7,0
DA:8,0
DA:10,0
DA:11,0
DA:12,0
DA:16,0
LF:7
LH:1
BRDA:11,0,0,0
BRDA:11,0,1,0
BRF:2
BRH:0
end_of_record
TN:
SF:src/utils/formatValue.js
FN:1,(anonymous_0)
FNF:1
FNH:1
FNDA:16,(anonymous_0)
DA:1,1
DA:2,16
DA:3,6
DA:5,10
LF:4
LH:4
BRDA:2,0,0,6
BRDA:2,0,1,10
BRF:2
BRH:2
end_of_record
